Arguments: 
  C:\Program Files\nodejs\node.exe C:\Program Files (x86)\Yarn\bin\yarn.js add lodash

PATH: 
  D:\cmder\vendor\bin;D:\cmder\vendor\conemu-maximus5\ConEmu\Scripts;D:\cmder\vendor\conemu-maximus5;D:\cmder\vendor\conemu-maximus5\ConEmu;C:\Windows\system32;C:\Windows;C:\Windows\System32\Wbem;C:\Windows\System32\WindowsPowerShell\v1.0\;C:\Windows\System32\OpenSSH\;C:\Program Files\TortoiseSVN\bin;C:\Users\GoGoGo\AppData\Roaming\nvm;C:\Program Files\nodejs;C:\Program Files\Git\cmd;C:\Program Files (x86)\Yarn\bin\;C:\Users\GoGoGo\AppData\Local\Microsoft\WindowsApps;C:\Users\GoGoGo\AppData\Roaming\npm;D:\Microsoft VS Code\bin;C:\Users\GoGoGo\AppData\Roaming\nvm;C:\Program Files\nodejs;D:\cmder;C:\Users\GoGoGo\AppData\Local\Yarn\bin;C:\Program Files\Git\mingw64\bin;C:\Program Files\Git\usr\bin

Yarn version: 
  1.22.4

Node version: 
  10.15.2

Platform: 
  win32 x64

Trace: 
  Error: ENOENT: no such file or directory, copyfile 'C:\Users\GoGoGo\AppData\Local\Yarn\Cache\v6\npm-inherits-2.0.1-b17d08d326b4423e568eff719f91b0b1cbdf69f1-integrity\node_modules\inherits\inherits.js' -> 'E:\webProject\GoGoGo\webpack-demo\node_modules\assert\node_modules\inherits\inherits.js'

npm manifest: 
  {
    "name": "webpack-demo",
    "version": "1.0.0",
    "private": true,
    "sideEffects": false,
    "scripts": {
      "bundle": "webpack",
      "watch": "webpack --watch",
      "dev-build": "webpack --config ./build/webpack.dev.js",
      "dev": "webpack-dev-server --config ./build/webpack.dev.js",
      "build": "webpack --config ./build/webpack.prod.js",
      "server": "node server.js"
    },
    "author": "lyh_webpack",
    "license": "ISC",
    "description": "",
    "devDependencies": {
      "@babel/core": "^7.10.4",
      "@babel/plugin-syntax-dynamic-import": "^7.8.3",
      "@babel/plugin-transform-runtime": "^7.10.4",
      "@babel/preset-env": "^7.10.4",
      "@babel/preset-react": "^7.10.4",
      "babel-loader": "^8.1.0",
      "clean-webpack-plugin": "^3.0.0",
      "css-loader": "^3.6.0",
      "express": "^4.17.1",
      "file-loader": "^6.0.0",
      "html-webpack-plugin": "^4.3.0",
      "node-sass": "^4.14.1",
      "postcss-loader": "^3.0.0",
      "sass": "^1.26.10",
      "sass-loader": "^9.0.2",
      "style-loader": "^1.2.1",
      "url-loader": "^4.1.0",
      "webpack": "^4.43.0",
      "webpack-cli": "^3.3.12",
      "webpack-dev-middleware": "^3.7.2",
      "webpack-dev-server": "^3.11.0",
      "webpack-merge": "^5.0.9"
    },
    "dependencies": {
      "@babel/polyfill": "^7.10.4",
      "@babel/runtime": "^7.10.4",
      "@babel/runtime-corejs2": "^7.10.4",
      "autoprefixer": "^9.8.4",
      "react": "^16.13.1",
      "react-dom": "^16.13.1"
    }
  }

yarn manifest: 
  No manifest

Lockfile: 
  No lockfile
